\BOOKMARK [0][-]{section*.1}{Eksamen\0402019\040\(Kont\)}{}% 1
\BOOKMARK [1][-]{section*.2}{Statistikk}{section*.1}% 2
\BOOKMARK [2][-]{subsection.0.1}{}{section*.2}% 3
\BOOKMARK [3][-]{subsubsection.0.1.1}{}{subsection.0.1}% 4
\BOOKMARK [3][-]{subsubsection.0.1.2}{}{subsection.0.1}% 5
\BOOKMARK [3][-]{subsubsection.0.1.3}{}{subsection.0.1}% 6
\BOOKMARK [3][-]{subsubsection.0.1.4}{}{subsection.0.1}% 7
\BOOKMARK [2][-]{subsection.0.2}{}{section*.2}% 8
\BOOKMARK [3][-]{subsubsection.0.2.1}{}{subsection.0.2}% 9
\BOOKMARK [3][-]{subsubsection.0.2.2}{}{subsection.0.2}% 10
\BOOKMARK [3][-]{subsubsection.0.2.3}{}{subsection.0.2}% 11
\BOOKMARK [3][-]{subsubsection.0.2.4}{}{subsection.0.2}% 12
\BOOKMARK [2][-]{subsection.0.3}{}{section*.2}% 13
\BOOKMARK [3][-]{subsubsection.0.3.1}{}{subsection.0.3}% 14
\BOOKMARK [3][-]{subsubsection.0.3.2}{}{subsection.0.3}% 15
\BOOKMARK [2][-]{subsection.0.4}{}{section*.2}% 16
\BOOKMARK [2][-]{subsection.0.5}{}{section*.2}% 17
\BOOKMARK [1][-]{section*.3}{Matematikk}{section*.1}% 18
\BOOKMARK [2][-]{subsection.0.6}{}{section*.3}% 19
\BOOKMARK [3][-]{subsubsection.0.6.1}{}{subsection.0.6}% 20
\BOOKMARK [3][-]{subsubsection.0.6.2}{}{subsection.0.6}% 21
\BOOKMARK [3][-]{subsubsection.0.6.3}{}{subsection.0.6}% 22
\BOOKMARK [3][-]{subsubsection.0.6.4}{}{subsection.0.6}% 23
\BOOKMARK [2][-]{subsection.0.7}{}{section*.3}% 24
\BOOKMARK [3][-]{subsubsection.0.7.1}{}{subsection.0.7}% 25
\BOOKMARK [3][-]{subsubsection.0.7.2}{}{subsection.0.7}% 26
\BOOKMARK [3][-]{subsubsection.0.7.3}{}{subsection.0.7}% 27
\BOOKMARK [2][-]{subsection.0.8}{}{section*.3}% 28
\BOOKMARK [3][-]{subsubsection.0.8.1}{}{subsection.0.8}% 29
\BOOKMARK [3][-]{subsubsection.0.8.2}{}{subsection.0.8}% 30
\BOOKMARK [0][-]{subsubsection.0.8.2}{Eksamen\0402019}{}% 31
\BOOKMARK [1][-]{section*.4}{Statistikk}{subsubsection.0.8.2}% 32
\BOOKMARK [2][-]{subsection.0.1}{}{section*.4}% 33
\BOOKMARK [3][-]{subsubsection.0.1.1}{}{subsection.0.1}% 34
\BOOKMARK [3][-]{subsubsection.0.1.2}{}{subsection.0.1}% 35
\BOOKMARK [3][-]{subsubsection.0.1.3}{}{subsection.0.1}% 36
\BOOKMARK [3][-]{subsubsection.0.1.4}{}{subsection.0.1}% 37
\BOOKMARK [3][-]{subsubsection.0.1.5}{}{subsection.0.1}% 38
\BOOKMARK [2][-]{subsection.0.2}{}{section*.4}% 39
\BOOKMARK [3][-]{subsubsection.0.2.1}{}{subsection.0.2}% 40
\BOOKMARK [3][-]{subsubsection.0.2.2}{}{subsection.0.2}% 41
\BOOKMARK [3][-]{subsubsection.0.2.3}{}{subsection.0.2}% 42
\BOOKMARK [3][-]{subsubsection.0.2.4}{}{subsection.0.2}% 43
\BOOKMARK [3][-]{subsubsection.0.2.5}{}{subsection.0.2}% 44
\BOOKMARK [2][-]{subsection.0.3}{}{section*.4}% 45
\BOOKMARK [0][-]{subsection.0.3}{Eksamen\0402018}{}% 46
\BOOKMARK [1][-]{section*.5}{Statistikk}{subsection.0.3}% 47
\BOOKMARK [2][-]{subsection.0.1}{}{section*.5}% 48
\BOOKMARK [3][-]{subsubsection.0.1.1}{}{subsection.0.1}% 49
\BOOKMARK [3][-]{subsubsection.0.1.2}{}{subsection.0.1}% 50
\BOOKMARK [3][-]{subsubsection.0.1.3}{}{subsection.0.1}% 51
\BOOKMARK [3][-]{subsubsection.0.1.4}{}{subsection.0.1}% 52
\BOOKMARK [3][-]{subsubsection.0.1.5}{}{subsection.0.1}% 53
\BOOKMARK [3][-]{subsubsection.0.1.6}{}{subsection.0.1}% 54
\BOOKMARK [3][-]{subsubsection.0.1.7}{}{subsection.0.1}% 55
\BOOKMARK [3][-]{subsubsection.0.1.8}{}{subsection.0.1}% 56
\BOOKMARK [3][-]{subsubsection.0.1.9}{}{subsection.0.1}% 57
\BOOKMARK [3][-]{subsubsection.0.1.10}{}{subsection.0.1}% 58
\BOOKMARK [1][-]{section*.6}{Matematikk}{subsection.0.3}% 59
\BOOKMARK [2][-]{subsection.0.2}{}{section*.6}% 60
\BOOKMARK [3][-]{subsubsection.0.2.1}{}{subsection.0.2}% 61
\BOOKMARK [3][-]{subsubsection.0.2.2}{}{subsection.0.2}% 62
\BOOKMARK [3][-]{subsubsection.0.2.3}{}{subsection.0.2}% 63
\BOOKMARK [2][-]{subsection.0.3}{}{section*.6}% 64
\BOOKMARK [3][-]{subsubsection.0.3.1}{}{subsection.0.3}% 65
\BOOKMARK [3][-]{subsubsection.0.3.2}{}{subsection.0.3}% 66
\BOOKMARK [3][-]{subsubsection.0.3.3}{}{subsection.0.3}% 67
\BOOKMARK [2][-]{subsection.0.4}{}{section*.6}% 68
\BOOKMARK [3][-]{subsubsection.0.4.1}{}{subsection.0.4}% 69
\BOOKMARK [3][-]{subsubsection.0.4.2}{}{subsection.0.4}% 70
\BOOKMARK [3][-]{subsubsection.0.4.3}{}{subsection.0.4}% 71
